<?xml version="1.0" encoding="UTF-8"?>
<testng-results skipped="0" failed="0" total="1" passed="1">
  <reporter-output>
  </reporter-output>
  <suite name="Default suite" duration-ms="26" started-at="2018-01-17T00:14:02Z" finished-at="2018-01-17T00:14:02Z">
    <groups>
    </groups>
    <test name="Default test" duration-ms="26" started-at="2018-01-17T00:14:02Z" finished-at="2018-01-17T00:14:02Z">
      <class name="testSuite.UpdateDate">
        <test-method status="PASS" signature="testUpdateDate()[pri:0, instance:testSuite.UpdateDate@dfd3711]" name="testUpdateDate" duration-ms="18" started-at="2018-01-16T18:14:02Z" finished-at="2018-01-16T18:14:02Z">
          <reporter-output>
          </reporter-output>
        </test-method> <!-- testUpdateDate -->
      </class> <!-- testSuite.UpdateDate -->
    </test> <!-- Default test -->
  </suite> <!-- Default suite -->
</testng-results>
